{"level":"DEBUG","time":"2026-04-21T21:23:30.452+0800","caller":"web_app/main.go:36","msg":"logger init success..."}
{"level":"ERROR","time":"2026-04-21T21:23:30.453+0800","caller":"mysql/mysql.go:24","msg":"connect DB failed","error":"dial tcp 127.0.0.1:3306: connect: connection refused"}
{"level":"DEBUG","time":"2026-04-22T21:28:14.125+0800","caller":"web_app/main.go:40","msg":"logger init success..."}
{"level":"ERROR","time":"2026-04-22T21:28:14.126+0800","caller":"mysql/mysql.go:24","msg":"connect DB failed","error":"dial tcp 127.0.0.1:3306: connect: connection refused"}
{"level":"DEBUG","time":"2026-04-23T20:22:11.145+0800","caller":"web_app/main.go:40","msg":"logger init success..."}
{"level":"ERROR","time":"2026-04-23T20:22:11.166+0800","caller":"mysql/mysql.go:24","msg":"connect DB failed","error":"Error 1049 (42000): Unknown database 'web_app'"}
{"level":"DEBUG","time":"2026-04-23T20:27:12.967+0800","caller":"web_app/main.go:40","msg":"logger init success..."}
{"level":"ERROR","time":"2026-04-23T20:27:12.997+0800","caller":"mysql/mysql.go:24","msg":"connect DB failed","error":"Error 1064 (42000): You have an error in your SQL syntax; check the manual that corresponds to your MySQL server version for the right syntax to use near '?charset = utf8mb4' at line 1"}
{"level":"DEBUG","time":"2026-04-23T20:28:37.415+0800","caller":"web_app/main.go:40","msg":"logger init success..."}
{"level":"INFO","time":"2026-04-23T20:29:28.525+0800","caller":"web_app/main.go:75","msg":"Shutdown Server ..."}
{"level":"INFO","time":"2026-04-23T20:29:28.526+0800","caller":"web_app/main.go:83","msg":"Server exiting ..."}
{"level":"DEBUG","time":"2026-04-23T20:38:36.511+0800","caller":"web_app/main.go:40","msg":"logger init success..."}
{"level":"INFO","time":"2026-04-23T20:38:47.222+0800","caller":"web_app/main.go:75","msg":"Shutdown Server ..."}
{"level":"INFO","time":"2026-04-23T20:38:47.222+0800","caller":"web_app/main.go:83","msg":"Server exiting ..."}
{"level":"DEBUG","time":"2026-04-23T21:35:24.661+0800","caller":"web_app/main.go:41","msg":"logger init success..."}
{"level":"DEBUG","time":"2026-04-23T21:37:54.210+0800","caller":"web_app/main.go:41","msg":"logger init success..."}
{"level":"INFO","time":"2026-04-23T21:37:58.713+0800","caller":"web_app/main.go:81","msg":"Shutdown Server ..."}
{"level":"INFO","time":"2026-04-23T21:37:58.714+0800","caller":"web_app/main.go:89","msg":"Server exiting ..."}
{"level":"DEBUG","time":"2026-04-24T19:51:10.152+0800","caller":"web_app/main.go:41","msg":"logger init success..."}
{"level":"INFO","time":"2026-04-24T19:51:31.399+0800","caller":"web_app/main.go:82","msg":"Shutdown Server ..."}
{"level":"INFO","time":"2026-04-24T19:51:31.399+0800","caller":"web_app/main.go:90","msg":"Server exiting ..."}
